INFO:__main__:Starting ingestion job...
INFO:__main__:Processing and saving 120 articles...
INFO:__main__:Successfully added 0 new articles to database.
INFO:__main__:Ingestion job completed.
INFO:apscheduler.scheduler:Adding job tentatively -- it will be properly scheduled when the scheduler starts
INFO:apscheduler.scheduler:Added job "run_ingestion_job" to job store "default"
INFO:apscheduler.scheduler:Scheduler started
INFO:__main__:Scheduler started. Job will run every 3 minutes.
INFO:apscheduler.executors.default:Running job "run_ingestion_job (trigger: interval[0:03:00], next run at: 2026-03-01 14:27:13 +07)" (scheduled at 2026-03-01 14:27:13.339968+07:00)
INFO:__main__:Starting ingestion job...
INFO:__main__:Processing and saving 120 articles...
INFO:__main__:Successfully added 0 new articles to database.
INFO:__main__:Ingestion job completed.
INFO:apscheduler.executors.default:Job "run_ingestion_job (trigger: interval[0:03:00], next run at: 2026-03-01 14:30:13 +07)" executed successfully
INFO:apscheduler.executors.default:Running job "run_ingestion_job (trigger: interval[0:03:00], next run at: 2026-03-01 14:33:13 +07)" (scheduled at 2026-03-01 14:30:13.339968+07:00)
INFO:__main__:Starting ingestion job...
INFO:__main__:Processing and saving 120 articles...
INFO:__main__:Successfully added 0 new articles to database.
INFO:__main__:Ingestion job completed.
INFO:apscheduler.executors.default:Job "run_ingestion_job (trigger: interval[0:03:00], next run at: 2026-03-01 14:33:13 +07)" executed successfully
INFO:apscheduler.executors.default:Running job "run_ingestion_job (trigger: interval[0:03:00], next run at: 2026-03-01 14:36:13 +07)" (scheduled at 2026-03-01 14:33:13.339968+07:00)
INFO:__main__:Starting ingestion job...
INFO:__main__:Processing and saving 120 articles...
INFO:__main__:Successfully added 0 new articles to database.
INFO:__main__:Ingestion job completed.
INFO:apscheduler.executors.default:Job "run_ingestion_job (trigger: interval[0:03:00], next run at: 2026-03-01 14:36:13 +07)" executed successfully
WARNING:apscheduler.executors.default:Run time of job "run_ingestion_job (trigger: interval[0:03:00], next run at: 2026-03-01 15:00:13 +07)" was missed by 0:01:03.086173
WARNING:apscheduler.executors.default:Run time of job "run_ingestion_job (trigger: interval[0:03:00], next run at: 2026-03-01 15:09:13 +07)" was missed by 0:00:22.957256
INFO:apscheduler.executors.default:Running job "run_ingestion_job (trigger: interval[0:03:00], next run at: 2026-03-01 15:12:13 +07)" (scheduled at 2026-03-01 15:09:13.339968+07:00)
INFO:__main__:Starting ingestion job...
INFO:__main__:Processing and saving 120 articles...
INFO:__main__:Successfully added 0 new articles to database.
INFO:__main__:Ingestion job completed.
INFO:apscheduler.executors.default:Job "run_ingestion_job (trigger: interval[0:03:00], next run at: 2026-03-01 15:12:13 +07)" executed successfully
INFO:apscheduler.executors.default:Running job "run_ingestion_job (trigger: interval[0:03:00], next run at: 2026-03-01 15:15:13 +07)" (scheduled at 2026-03-01 15:12:13.339968+07:00)
INFO:__main__:Starting ingestion job...
INFO:__main__:Processing and saving 120 articles...
INFO:__main__:Successfully added 0 new articles to database.
INFO:__main__:Ingestion job completed.
INFO:apscheduler.executors.default:Job "run_ingestion_job (trigger: interval[0:03:00], next run at: 2026-03-01 15:15:13 +07)" executed successfully
INFO:apscheduler.executors.default:Running job "run_ingestion_job (trigger: interval[0:03:00], next run at: 2026-03-01 15:18:13 +07)" (scheduled at 2026-03-01 15:15:13.339968+07:00)
INFO:__main__:Starting ingestion job...
INFO:__main__:Processing and saving 120 articles...
INFO:__main__:Successfully added 0 new articles to database.
INFO:__main__:Ingestion job completed.
INFO:apscheduler.executors.default:Job "run_ingestion_job (trigger: interval[0:03:00], next run at: 2026-03-01 15:18:13 +07)" executed successfully
INFO:apscheduler.executors.default:Running job "run_ingestion_job (trigger: interval[0:03:00], next run at: 2026-03-01 15:21:13 +07)" (scheduled at 2026-03-01 15:18:13.339968+07:00)
INFO:__main__:Starting ingestion job...
INFO:__main__:Processing and saving 120 articles...
ERROR:__main__:NLP API call failed: HTTPConnectionPool(host='localhost', port=8000): Read timed out. (read timeout=10)
ERROR:__main__:NLP API call failed: HTTPConnectionPool(host='localhost', port=8000): Read timed out. (read timeout=10)
ERROR:__main__:NLP API call failed: HTTPConnectionPool(host='localhost', port=8000): Read timed out. (read timeout=10)
INFO:__main__:Successfully added 3 new articles to database.
INFO:__main__:Ingestion job completed.
INFO:apscheduler.executors.default:Job "run_ingestion_job (trigger: interval[0:03:00], next run at: 2026-03-01 15:21:13 +07)" executed successfully
INFO:apscheduler.executors.default:Running job "run_ingestion_job (trigger: interval[0:03:00], next run at: 2026-03-01 15:24:13 +07)" (scheduled at 2026-03-01 15:21:13.339968+07:00)
INFO:__main__:Starting ingestion job...
INFO:__main__:Processing and saving 120 articles...
INFO:__main__:Successfully added 0 new articles to database.
INFO:__main__:Ingestion job completed.
INFO:apscheduler.executors.default:Job "run_ingestion_job (trigger: interval[0:03:00], next run at: 2026-03-01 15:24:13 +07)" executed successfully
INFO:apscheduler.executors.default:Running job "run_ingestion_job (trigger: interval[0:03:00], next run at: 2026-03-01 15:27:13 +07)" (scheduled at 2026-03-01 15:24:13.339968+07:00)
INFO:__main__:Starting ingestion job...
INFO:__main__:Processing and saving 120 articles...
INFO:__main__:Successfully added 0 new articles to database.
INFO:__main__:Ingestion job completed.
INFO:apscheduler.executors.default:Job "run_ingestion_job (trigger: interval[0:03:00], next run at: 2026-03-01 15:27:13 +07)" executed successfully
INFO:apscheduler.executors.default:Running job "run_ingestion_job (trigger: interval[0:03:00], next run at: 2026-03-01 15:30:13 +07)" (scheduled at 2026-03-01 15:27:13.339968+07:00)
INFO:__main__:Starting ingestion job...
INFO:__main__:Processing and saving 120 articles...
INFO:__main__:Successfully added 0 new articles to database.
INFO:__main__:Ingestion job completed.
INFO:apscheduler.executors.default:Job "run_ingestion_job (trigger: interval[0:03:00], next run at: 2026-03-01 15:30:13 +07)" executed successfully
INFO:apscheduler.executors.default:Running job "run_ingestion_job (trigger: interval[0:03:00], next run at: 2026-03-01 15:33:13 +07)" (scheduled at 2026-03-01 15:30:13.339968+07:00)
INFO:__main__:Starting ingestion job...
INFO:__main__:Processing and saving 120 articles...
INFO:__main__:Successfully added 0 new articles to database.
INFO:__main__:Ingestion job completed.
INFO:apscheduler.executors.default:Job "run_ingestion_job (trigger: interval[0:03:00], next run at: 2026-03-01 15:33:13 +07)" executed successfully
INFO:apscheduler.executors.default:Running job "run_ingestion_job (trigger: interval[0:03:00], next run at: 2026-03-01 15:36:13 +07)" (scheduled at 2026-03-01 15:33:13.339968+07:00)
INFO:__main__:Starting ingestion job...
INFO:__main__:Processing and saving 120 articles...
INFO:__main__:Successfully added 0 new articles to database.
INFO:__main__:Ingestion job completed.
INFO:apscheduler.executors.default:Job "run_ingestion_job (trigger: interval[0:03:00], next run at: 2026-03-01 15:36:13 +07)" executed successfully
INFO:apscheduler.executors.default:Running job "run_ingestion_job (trigger: interval[0:03:00], next run at: 2026-03-01 15:39:13 +07)" (scheduled at 2026-03-01 15:36:13.339968+07:00)
INFO:__main__:Starting ingestion job...
INFO:__main__:Processing and saving 120 articles...
INFO:__main__:Successfully added 0 new articles to database.
INFO:__main__:Ingestion job completed.
INFO:apscheduler.executors.default:Job "run_ingestion_job (trigger: interval[0:03:00], next run at: 2026-03-01 15:39:13 +07)" executed successfully
INFO:apscheduler.executors.default:Running job "run_ingestion_job (trigger: interval[0:03:00], next run at: 2026-03-01 15:42:13 +07)" (scheduled at 2026-03-01 15:39:13.339968+07:00)
INFO:__main__:Starting ingestion job...
INFO:__main__:Processing and saving 120 articles...
INFO:__main__:Successfully added 0 new articles to database.
INFO:__main__:Ingestion job completed.
INFO:apscheduler.executors.default:Job "run_ingestion_job (trigger: interval[0:03:00], next run at: 2026-03-01 15:42:13 +07)" executed successfully
WARNING:apscheduler.executors.default:Run time of job "run_ingestion_job (trigger: interval[0:03:00], next run at: 2026-03-01 15:45:13 +07)" was missed by 0:02:36.030649
INFO:apscheduler.executors.default:Running job "run_ingestion_job (trigger: interval[0:03:00], next run at: 2026-03-01 15:48:13 +07)" (scheduled at 2026-03-01 15:45:13.339968+07:00)
INFO:__main__:Starting ingestion job...
INFO:__main__:Processing and saving 120 articles...
INFO:__main__:Successfully added 0 new articles to database.
INFO:__main__:Ingestion job completed.
INFO:apscheduler.executors.default:Job "run_ingestion_job (trigger: interval[0:03:00], next run at: 2026-03-01 15:48:13 +07)" executed successfully
INFO:apscheduler.executors.default:Running job "run_ingestion_job (trigger: interval[0:03:00], next run at: 2026-03-01 15:51:13 +07)" (scheduled at 2026-03-01 15:48:13.339968+07:00)
INFO:__main__:Starting ingestion job...
INFO:__main__:Processing and saving 120 articles...
INFO:__main__:Successfully added 0 new articles to database.
INFO:__main__:Ingestion job completed.
INFO:apscheduler.executors.default:Job "run_ingestion_job (trigger: interval[0:03:00], next run at: 2026-03-01 15:51:13 +07)" executed successfully
INFO:apscheduler.executors.default:Running job "run_ingestion_job (trigger: interval[0:03:00], next run at: 2026-03-01 15:54:13 +07)" (scheduled at 2026-03-01 15:51:13.339968+07:00)
INFO:__main__:Starting ingestion job...
INFO:__main__:Processing and saving 120 articles...
INFO:__main__:Successfully added 0 new articles to database.
INFO:__main__:Ingestion job completed.
INFO:apscheduler.executors.default:Job "run_ingestion_job (trigger: interval[0:03:00], next run at: 2026-03-01 15:54:13 +07)" executed successfully
INFO:apscheduler.executors.default:Running job "run_ingestion_job (trigger: interval[0:03:00], next run at: 2026-03-01 15:57:13 +07)" (scheduled at 2026-03-01 15:54:13.339968+07:00)
INFO:__main__:Starting ingestion job...
INFO:__main__:Processing and saving 120 articles...
INFO:__main__:Successfully added 0 new articles to database.
INFO:__main__:Ingestion job completed.
INFO:apscheduler.executors.default:Job "run_ingestion_job (trigger: interval[0:03:00], next run at: 2026-03-01 15:57:13 +07)" executed successfully
INFO:apscheduler.executors.default:Running job "run_ingestion_job (trigger: interval[0:03:00], next run at: 2026-03-01 16:00:13 +07)" (scheduled at 2026-03-01 15:57:13.339968+07:00)
INFO:__main__:Starting ingestion job...
INFO:__main__:Processing and saving 120 articles...
INFO:__main__:Successfully added 0 new articles to database.
INFO:__main__:Ingestion job completed.
INFO:apscheduler.executors.default:Job "run_ingestion_job (trigger: interval[0:03:00], next run at: 2026-03-01 16:00:13 +07)" executed successfully
INFO:apscheduler.executors.default:Running job "run_ingestion_job (trigger: interval[0:03:00], next run at: 2026-03-01 16:03:13 +07)" (scheduled at 2026-03-01 16:00:13.339968+07:00)
INFO:__main__:Starting ingestion job...
INFO:__main__:Processing and saving 120 articles...
INFO:__main__:Successfully added 0 new articles to database.
INFO:__main__:Ingestion job completed.
INFO:apscheduler.executors.default:Job "run_ingestion_job (trigger: interval[0:03:00], next run at: 2026-03-01 16:03:13 +07)" executed successfully
INFO:apscheduler.executors.default:Running job "run_ingestion_job (trigger: interval[0:03:00], next run at: 2026-03-01 16:06:13 +07)" (scheduled at 2026-03-01 16:03:13.339968+07:00)
INFO:__main__:Starting ingestion job...
INFO:__main__:Processing and saving 120 articles...
INFO:__main__:Successfully added 0 new articles to database.
INFO:__main__:Ingestion job completed.
INFO:apscheduler.executors.default:Job "run_ingestion_job (trigger: interval[0:03:00], next run at: 2026-03-01 16:06:13 +07)" executed successfully
INFO:apscheduler.executors.default:Running job "run_ingestion_job (trigger: interval[0:03:00], next run at: 2026-03-01 16:09:13 +07)" (scheduled at 2026-03-01 16:06:13.339968+07:00)
INFO:__main__:Starting ingestion job...
INFO:__main__:Processing and saving 120 articles...
INFO:__main__:Successfully added 0 new articles to database.
INFO:__main__:Ingestion job completed.
INFO:apscheduler.executors.default:Job "run_ingestion_job (trigger: interval[0:03:00], next run at: 2026-03-01 16:09:13 +07)" executed successfully
INFO:apscheduler.executors.default:Running job "run_ingestion_job (trigger: interval[0:03:00], next run at: 2026-03-01 16:12:13 +07)" (scheduled at 2026-03-01 16:09:13.339968+07:00)
INFO:__main__:Starting ingestion job...
INFO:__main__:Processing and saving 120 articles...
INFO:__main__:Successfully added 0 new articles to database.
INFO:__main__:Ingestion job completed.
INFO:apscheduler.executors.default:Job "run_ingestion_job (trigger: interval[0:03:00], next run at: 2026-03-01 16:12:13 +07)" executed successfully
INFO:apscheduler.executors.default:Running job "run_ingestion_job (trigger: interval[0:03:00], next run at: 2026-03-01 16:15:13 +07)" (scheduled at 2026-03-01 16:12:13.339968+07:00)
INFO:__main__:Starting ingestion job...
INFO:__main__:Processing and saving 120 articles...
INFO:__main__:Successfully added 0 new articles to database.
INFO:__main__:Ingestion job completed.
INFO:apscheduler.executors.default:Job "run_ingestion_job (trigger: interval[0:03:00], next run at: 2026-03-01 16:15:13 +07)" executed successfully
INFO:apscheduler.executors.default:Running job "run_ingestion_job (trigger: interval[0:03:00], next run at: 2026-03-01 16:18:13 +07)" (scheduled at 2026-03-01 16:15:13.339968+07:00)
INFO:__main__:Starting ingestion job...
INFO:__main__:Processing and saving 120 articles...
INFO:__main__:Successfully added 0 new articles to database.
INFO:__main__:Ingestion job completed.
INFO:apscheduler.executors.default:Job "run_ingestion_job (trigger: interval[0:03:00], next run at: 2026-03-01 16:18:13 +07)" executed successfully
INFO:apscheduler.executors.default:Running job "run_ingestion_job (trigger: interval[0:03:00], next run at: 2026-03-01 16:21:13 +07)" (scheduled at 2026-03-01 16:18:13.339968+07:00)
INFO:__main__:Starting ingestion job...
INFO:__main__:Processing and saving 120 articles...
INFO:__main__:Successfully added 0 new articles to database.
INFO:__main__:Ingestion job completed.
INFO:apscheduler.executors.default:Job "run_ingestion_job (trigger: interval[0:03:00], next run at: 2026-03-01 16:21:13 +07)" executed successfully
INFO:apscheduler.executors.default:Running job "run_ingestion_job (trigger: interval[0:03:00], next run at: 2026-03-01 16:24:13 +07)" (scheduled at 2026-03-01 16:21:13.339968+07:00)
INFO:__main__:Starting ingestion job...
INFO:__main__:Processing and saving 120 articles...
INFO:__main__:Successfully added 0 new articles to database.
INFO:__main__:Ingestion job completed.
INFO:apscheduler.executors.default:Job "run_ingestion_job (trigger: interval[0:03:00], next run at: 2026-03-01 16:24:13 +07)" executed successfully
INFO:apscheduler.executors.default:Running job "run_ingestion_job (trigger: interval[0:03:00], next run at: 2026-03-01 16:27:13 +07)" (scheduled at 2026-03-01 16:24:13.339968+07:00)
INFO:__main__:Starting ingestion job...
INFO:__main__:Processing and saving 120 articles...
INFO:__main__:Successfully added 0 new articles to database.
INFO:__main__:Ingestion job completed.
INFO:apscheduler.executors.default:Job "run_ingestion_job (trigger: interval[0:03:00], next run at: 2026-03-01 16:27:13 +07)" executed successfully
INFO:apscheduler.executors.default:Running job "run_ingestion_job (trigger: interval[0:03:00], next run at: 2026-03-01 16:30:13 +07)" (scheduled at 2026-03-01 16:27:13.339968+07:00)
INFO:__main__:Starting ingestion job...
