2026-03-04 11:07:47 | INFO     | src.summarization.train | Initializing Summarization Module (Pre-Main)...
2026-03-04 11:07:50 | INFO     | src.summarization.infer | Loaded model config from models/summarizer/config.json
2026-03-04 11:07:50 | INFO     | src.summarization.infer | Loaded tokenizer from models/summarizer
2026-03-04 11:07:51 | INFO     | src.summarization.infer | Successfully loaded fine-tuned summarizer model from models/summarizer/summarizer.pt
2026-03-04 11:07:55 | INFO     | src.api.routes | Loaded SentimentModel from MLflow Registry (Production)
2026-03-04 11:07:57 | INFO     | src.api.routes | Loaded NERModel from MLflow Registry (Production)
2026-03-04 11:08:28 | INFO     | src.api.routes | POST /summarize | input_len=234 chars
2026-03-04 11:08:28 | INFO     | src.summarization.infer | Seq2Seq model produced degenerate output; falling back to extractive summarization.
2026-03-04 11:08:28 | INFO     | src.api.routes | POST /summarize | output_len=234 chars | summary_preview='Hòa Phát vừa công bố kết quả kinh doanh quý với lợi nhuận sau thuế đạt 2940 tỷ đ...'
2026-03-04 11:12:59 | INFO     | src.api.routes | POST /summarize | input_len=1173 chars
2026-03-04 11:13:00 | INFO     | src.summarization.infer | Seq2Seq model produced degenerate output; falling back to extractive summarization.
2026-03-04 11:13:00 | INFO     | src.api.routes | POST /summarize | output_len=593 chars | summary_preview='VN-Index ít chịu tác động trực tiếp hơn các chỉ số chứng khoán toàn cầu khi xung...'
2026-03-04 11:17:44 | INFO     | src.summarization.train | Initializing Summarization Module (Pre-Main)...
2026-03-04 11:17:48 | INFO     | src.summarization.infer | Loaded model config from models/summarizer/config.json
2026-03-04 11:17:48 | INFO     | src.summarization.infer | Loaded tokenizer from models/summarizer
2026-03-04 11:17:49 | INFO     | src.summarization.infer | Successfully loaded fine-tuned summarizer model from models/summarizer/summarizer.pt
2026-03-04 11:17:53 | INFO     | src.api.routes | Loaded SentimentModel from MLflow Registry (Production)
2026-03-04 11:17:56 | INFO     | src.api.routes | Loaded NERModel from MLflow Registry (Production)
2026-03-04 11:19:12 | INFO     | src.api.routes | POST /summarize | input_len=1173 chars
2026-03-04 11:19:12 | INFO     | src.summarization.infer | Seq2Seq model produced degenerate output; falling back to extractive summarization.
2026-03-04 11:19:12 | INFO     | src.api.routes | POST /summarize | output_len=464 chars | summary_preview='VN-Index ít chịu tác động trực tiếp hơn các chỉ số chứng khoán toàn cầu khi xung...'
2026-03-04 11:27:17 | INFO     | src.summarization.train | Initializing Summarization Module (Pre-Main)...
2026-03-04 11:27:20 | INFO     | httpx | HTTP Request: HEAD https://huggingface.co/VietAI/vit5-base-vietnews-summarization/resolve/main/config.json "HTTP/1.1 307 Temporary Redirect"
2026-03-04 11:27:20 | INFO     | httpx | HTTP Request: HEAD https://huggingface.co/api/resolve-cache/models/VietAI/vit5-base-vietnews-summarization/a54febd011c0a39ce49ceacd9225e63ef3a73ad3/config.json "HTTP/1.1 200 OK"
2026-03-04 11:27:20 | INFO     | httpx | HTTP Request: GET https://huggingface.co/api/resolve-cache/models/VietAI/vit5-base-vietnews-summarization/a54febd011c0a39ce49ceacd9225e63ef3a73ad3/config.json "HTTP/1.1 200 OK"
2026-03-04 11:27:20 | INFO     | httpx | HTTP Request: HEAD https://huggingface.co/VietAI/vit5-base-vietnews-summarization/resolve/main/tokenizer_config.json "HTTP/1.1 307 Temporary Redirect"
2026-03-04 11:27:20 | INFO     | httpx | HTTP Request: HEAD https://huggingface.co/api/resolve-cache/models/VietAI/vit5-base-vietnews-summarization/a54febd011c0a39ce49ceacd9225e63ef3a73ad3/tokenizer_config.json "HTTP/1.1 200 OK"
2026-03-04 11:27:20 | INFO     | httpx | HTTP Request: GET https://huggingface.co/api/resolve-cache/models/VietAI/vit5-base-vietnews-summarization/a54febd011c0a39ce49ceacd9225e63ef3a73ad3/tokenizer_config.json "HTTP/1.1 200 OK"
2026-03-04 11:27:20 | INFO     | httpx | HTTP Request: GET https://huggingface.co/api/models/VietAI/vit5-base-vietnews-summarization/tree/main/additional_chat_templates?recursive=false&expand=false "HTTP/1.1 404 Not Found"
2026-03-04 11:27:21 | INFO     | httpx | HTTP Request: GET https://huggingface.co/api/models/VietAI/vit5-base-vietnews-summarization/tree/main?recursive=true&expand=false "HTTP/1.1 200 OK"
2026-03-04 11:27:21 | INFO     | httpx | HTTP Request: HEAD https://huggingface.co/VietAI/vit5-base-vietnews-summarization/resolve/main/spiece.model "HTTP/1.1 302 Found"
2026-03-04 11:27:21 | INFO     | httpx | HTTP Request: GET https://huggingface.co/api/models/VietAI/vit5-base-vietnews-summarization/xet-read-token/a54febd011c0a39ce49ceacd9225e63ef3a73ad3 "HTTP/1.1 200 OK"
2026-03-04 11:27:23 | INFO     | httpx | HTTP Request: HEAD https://huggingface.co/VietAI/vit5-base-vietnews-summarization/resolve/main/tokenizer.json "HTTP/1.1 307 Temporary Redirect"
2026-03-04 11:27:23 | INFO     | httpx | HTTP Request: HEAD https://huggingface.co/api/resolve-cache/models/VietAI/vit5-base-vietnews-summarization/a54febd011c0a39ce49ceacd9225e63ef3a73ad3/tokenizer.json "HTTP/1.1 200 OK"
2026-03-04 11:27:23 | INFO     | httpx | HTTP Request: GET https://huggingface.co/api/resolve-cache/models/VietAI/vit5-base-vietnews-summarization/a54febd011c0a39ce49ceacd9225e63ef3a73ad3/tokenizer.json "HTTP/1.1 200 OK"
2026-03-04 11:27:24 | INFO     | httpx | HTTP Request: HEAD https://huggingface.co/VietAI/vit5-base-vietnews-summarization/resolve/main/added_tokens.json "HTTP/1.1 404 Not Found"
2026-03-04 11:27:24 | INFO     | httpx | HTTP Request: HEAD https://huggingface.co/VietAI/vit5-base-vietnews-summarization/resolve/main/special_tokens_map.json "HTTP/1.1 307 Temporary Redirect"
2026-03-04 11:27:24 | INFO     | httpx | HTTP Request: HEAD https://huggingface.co/api/resolve-cache/models/VietAI/vit5-base-vietnews-summarization/a54febd011c0a39ce49ceacd9225e63ef3a73ad3/special_tokens_map.json "HTTP/1.1 200 OK"
2026-03-04 11:27:24 | INFO     | httpx | HTTP Request: GET https://huggingface.co/api/resolve-cache/models/VietAI/vit5-base-vietnews-summarization/a54febd011c0a39ce49ceacd9225e63ef3a73ad3/special_tokens_map.json "HTTP/1.1 200 OK"
2026-03-04 11:27:24 | INFO     | httpx | HTTP Request: HEAD https://huggingface.co/VietAI/vit5-base-vietnews-summarization/resolve/main/chat_template.jinja "HTTP/1.1 404 Not Found"
2026-03-04 11:27:25 | WARNING  | src.summarization.infer | Could not load ViT5 model (VietAI/vit5-base-vietnews-summarization): 0. Will use extractive summarization only.
2026-03-04 11:27:25 | INFO     | src.summarization.infer | Loaded Seq2Seq config from models/summarizer/config.json
2026-03-04 11:27:25 | INFO     | src.summarization.infer | Loaded Seq2Seq tokenizer from models/summarizer
2026-03-04 11:27:26 | INFO     | src.summarization.infer | Loaded Seq2Seq weights from models/summarizer/summarizer.pt
2026-03-04 11:27:30 | INFO     | src.api.routes | Loaded SentimentModel from MLflow Registry (Production)
2026-03-04 11:27:32 | INFO     | src.api.routes | Loaded NERModel from MLflow Registry (Production)
2026-03-04 11:30:49 | INFO     | src.summarization.train | Initializing Summarization Module (Pre-Main)...
2026-03-04 11:30:55 | INFO     | src.summarization.infer | Loaded ViT5 abstractive model: VietAI/vit5-base-vietnews-summarization
2026-03-04 11:30:55 | INFO     | src.summarization.infer | Loaded Seq2Seq config from models/summarizer/config.json
2026-03-04 11:30:55 | INFO     | src.summarization.infer | Loaded Seq2Seq tokenizer from models/summarizer
2026-03-04 11:30:56 | INFO     | src.summarization.infer | Loaded Seq2Seq weights from models/summarizer/summarizer.pt
2026-03-04 11:31:00 | INFO     | src.api.routes | Loaded SentimentModel from MLflow Registry (Production)
2026-03-04 11:31:03 | INFO     | src.api.routes | Loaded NERModel from MLflow Registry (Production)
2026-03-04 11:31:29 | INFO     | src.api.routes | POST /summarize | input_len=599 chars
2026-03-04 11:31:31 | INFO     | src.summarization.infer | ViT5 abstractive summary generated (156 chars)
2026-03-04 11:31:31 | INFO     | src.api.routes | POST /summarize | output_len=156 chars | summary_preview='Thông tin chính sách thuế mới được công bố khiến VN-Index giảm hơn 15 điểm , tha...'
2026-03-04 11:32:22 | INFO     | src.api.routes | POST /summarize | input_len=599 chars
2026-03-04 11:32:24 | INFO     | src.summarization.infer | ViT5 abstractive summary generated (156 chars)
2026-03-04 11:32:24 | INFO     | src.api.routes | POST /summarize | output_len=156 chars | summary_preview='Thông tin chính sách thuế mới được công bố khiến VN-Index giảm hơn 15 điểm , tha...'
2026-03-04 11:32:28 | INFO     | src.api.routes | POST /summarize | input_len=599 chars
2026-03-04 11:32:30 | INFO     | src.summarization.infer | ViT5 abstractive summary generated (156 chars)
2026-03-04 11:32:30 | INFO     | src.api.routes | POST /summarize | output_len=156 chars | summary_preview='Thông tin chính sách thuế mới được công bố khiến VN-Index giảm hơn 15 điểm , tha...'
2026-03-04 12:03:05 | INFO     | src.api.routes | POST /summarize | input_len=1173 chars
2026-03-04 12:03:08 | INFO     | src.summarization.infer | ViT5 abstractive summary generated (178 chars)
2026-03-04 12:03:08 | INFO     | src.api.routes | POST /summarize | output_len=178 chars | summary_preview='Việc Mỹ và Israel mở chiến dịch không kích Iran được nhận định là rủi ro ngắn hạ...'
2026-03-04 12:03:44 | INFO     | src.summarization.infer | ViT5 abstractive summary generated (122 chars)
2026-03-04 12:03:47 | INFO     | src.summarization.infer | ViT5 abstractive summary generated (99 chars)
2026-03-04 12:03:50 | INFO     | src.summarization.infer | ViT5 abstractive summary generated (148 chars)
2026-03-04 12:03:52 | INFO     | src.summarization.infer | ViT5 abstractive summary generated (185 chars)
2026-03-04 12:03:55 | INFO     | src.summarization.infer | ViT5 abstractive summary generated (150 chars)
2026-03-04 12:03:57 | INFO     | src.summarization.infer | ViT5 abstractive summary generated (122 chars)
2026-03-04 12:03:59 | INFO     | src.summarization.infer | ViT5 abstractive summary generated (115 chars)
2026-03-04 12:04:02 | INFO     | src.summarization.infer | ViT5 abstractive summary generated (150 chars)
2026-03-04 12:04:05 | INFO     | src.summarization.infer | ViT5 abstractive summary generated (120 chars)
2026-03-04 12:04:07 | INFO     | src.summarization.infer | ViT5 abstractive summary generated (146 chars)
2026-03-04 12:07:27 | INFO     | src.summarization.train | Initializing Summarization Module (Pre-Main)...
2026-03-04 12:07:34 | INFO     | src.summarization.infer | Loaded ViT5 abstractive model: VietAI/vit5-base-vietnews-summarization
2026-03-04 12:07:34 | INFO     | src.summarization.infer | Loaded Seq2Seq config from models/summarizer/config.json
2026-03-04 12:07:34 | INFO     | src.summarization.infer | Loaded Seq2Seq tokenizer from models/summarizer
2026-03-04 12:07:35 | INFO     | src.summarization.infer | Loaded Seq2Seq weights from models/summarizer/summarizer.pt
2026-03-04 12:07:39 | INFO     | src.api.routes | Loaded SentimentModel from MLflow Registry (Production)
2026-03-04 12:07:42 | INFO     | src.api.routes | Loaded NERModel from MLflow Registry (Production)
2026-03-04 15:40:43 | INFO     | src.summarization.train | Initializing Summarization Module (Pre-Main)...
2026-03-04 15:40:52 | INFO     | src.summarization.infer | Loaded ViT5 abstractive model: VietAI/vit5-base-vietnews-summarization
2026-03-04 15:40:52 | INFO     | src.summarization.infer | Loaded Seq2Seq config from models/summarizer/config.json
2026-03-04 15:40:52 | INFO     | src.summarization.infer | Loaded Seq2Seq tokenizer from models/summarizer
2026-03-04 15:40:54 | INFO     | src.summarization.infer | Loaded Seq2Seq weights from models/summarizer/summarizer.pt
2026-03-04 15:40:59 | INFO     | src.api.routes | Loaded SentimentModel from MLflow Registry (Production)
2026-03-04 15:41:02 | INFO     | src.api.routes | Loaded NERModel from MLflow Registry (Production)
2026-03-04 15:42:20 | INFO     | src.api.routes | POST /summarize | engine=vit5 | input_len=180 chars
2026-03-04 15:42:22 | INFO     | src.summarization.infer | ViT5 abstractive summary generated (87 chars)
2026-03-04 15:42:22 | INFO     | src.api.routes | POST /summarize | engine=vit5 | output_len=87 chars | summary_preview='Lợi nhuận sau thuế của Hoà Phát đạt 2940 tỷ đồng , tăng 30 % so với cùng kỳ năm ...'
2026-03-04 15:43:48 | INFO     | src.summarization.infer | ViT5 abstractive summary generated (135 chars)
2026-03-04 15:43:51 | INFO     | src.summarization.infer | ViT5 abstractive summary generated (133 chars)
2026-03-04 15:43:54 | INFO     | src.summarization.infer | ViT5 abstractive summary generated (139 chars)
2026-03-04 15:43:56 | INFO     | src.summarization.infer | ViT5 abstractive summary generated (178 chars)
2026-03-04 15:43:59 | INFO     | src.summarization.infer | ViT5 abstractive summary generated (146 chars)
2026-03-04 15:44:02 | INFO     | src.summarization.infer | ViT5 abstractive summary generated (132 chars)
2026-03-04 15:44:04 | INFO     | src.summarization.infer | ViT5 abstractive summary generated (135 chars)
2026-03-04 15:44:06 | INFO     | src.summarization.infer | ViT5 abstractive summary generated (142 chars)
2026-03-04 15:44:09 | INFO     | src.summarization.infer | ViT5 abstractive summary generated (129 chars)
2026-03-04 15:44:11 | INFO     | src.summarization.infer | ViT5 abstractive summary generated (150 chars)
2026-03-04 15:51:50 | INFO     | src.api.routes | POST /summarize | engine=vit5 | input_len=921 chars
2026-03-04 15:51:52 | INFO     | src.summarization.infer | ViT5 abstractive summary generated (150 chars)
2026-03-04 15:51:52 | INFO     | src.api.routes | POST /summarize | engine=vit5 | output_len=150 chars | summary_preview='Ngân hàng TMCP Quân đội ( MB Bank ) vừa công bố kết quả kinh doanh quý với lợi n...'
2026-03-04 15:52:24 | INFO     | src.api.routes | POST /summarize | engine=seq2seq | input_len=921 chars
2026-03-04 15:52:24 | INFO     | src.summarization.infer | Model switch → Seq2Seq BiLSTM + Bahdanau Attention
2026-03-04 15:52:24 | INFO     | src.summarization.infer | Seq2Seq produced degenerate output.
2026-03-04 15:52:24 | WARNING  | src.summarization.infer | Seq2Seq produced degenerate output; falling back to extractive.
2026-03-04 15:52:24 | INFO     | src.api.routes | POST /summarize | engine=seq2seq | output_len=324 chars | summary_preview='MB Bank vừa công bố kết quả kinh doanh quý với lợi nhuận sau thuế đạt 11024 tỷ đ...'
2026-03-04 15:52:42 | INFO     | src.api.routes | POST /summarize | engine=seq2seq | input_len=921 chars
2026-03-04 15:52:42 | INFO     | src.summarization.infer | Model switch → Seq2Seq BiLSTM + Bahdanau Attention
2026-03-04 15:52:42 | INFO     | src.summarization.infer | Seq2Seq produced degenerate output.
2026-03-04 15:52:42 | WARNING  | src.summarization.infer | Seq2Seq produced degenerate output; falling back to extractive.
2026-03-04 15:52:42 | INFO     | src.api.routes | POST /summarize | engine=seq2seq | output_len=324 chars | summary_preview='MB Bank vừa công bố kết quả kinh doanh quý với lợi nhuận sau thuế đạt 11024 tỷ đ...'
2026-03-04 15:53:39 | INFO     | src.api.routes | POST /summarize | engine=extractive | input_len=921 chars
2026-03-04 15:53:39 | INFO     | src.summarization.infer | Model switch → Extractive summarization
2026-03-04 15:53:39 | INFO     | src.api.routes | POST /summarize | engine=extractive | output_len=324 chars | summary_preview='MB Bank vừa công bố kết quả kinh doanh quý với lợi nhuận sau thuế đạt 11024 tỷ đ...'
2026-03-04 15:53:40 | INFO     | src.api.routes | POST /summarize | engine=extractive | input_len=921 chars
2026-03-04 15:53:40 | INFO     | src.summarization.infer | Model switch → Extractive summarization
2026-03-04 15:53:40 | INFO     | src.api.routes | POST /summarize | engine=extractive | output_len=324 chars | summary_preview='MB Bank vừa công bố kết quả kinh doanh quý với lợi nhuận sau thuế đạt 11024 tỷ đ...'
2026-03-04 15:53:55 | INFO     | src.api.routes | POST /summarize | engine=seq2seq | input_len=921 chars
2026-03-04 15:53:55 | INFO     | src.summarization.infer | Model switch → Seq2Seq BiLSTM + Bahdanau Attention
2026-03-04 15:53:55 | INFO     | src.summarization.infer | Seq2Seq produced degenerate output.
2026-03-04 15:53:55 | WARNING  | src.summarization.infer | Seq2Seq produced degenerate output; falling back to extractive.
2026-03-04 15:53:55 | INFO     | src.api.routes | POST /summarize | engine=seq2seq | output_len=324 chars | summary_preview='MB Bank vừa công bố kết quả kinh doanh quý với lợi nhuận sau thuế đạt 11024 tỷ đ...'
2026-03-04 15:54:08 | INFO     | src.api.routes | POST /summarize | engine=vit5 | input_len=921 chars
2026-03-04 15:54:11 | INFO     | src.summarization.infer | ViT5 abstractive summary generated (150 chars)
2026-03-04 15:54:11 | INFO     | src.api.routes | POST /summarize | engine=vit5 | output_len=150 chars | summary_preview='Ngân hàng TMCP Quân đội ( MB Bank ) vừa công bố kết quả kinh doanh quý với lợi n...'
